<?xml version="1.0" encoding="UTF-8"?>
<testng-results ignored="5" total="6" passed="1" failed="0" skipped="0">
  <reporter-output>
  </reporter-output>
  <suite started-at="2024-03-25T15:08:09 IST" name="Suite" finished-at="2024-03-25T15:10:00 IST" duration-ms="111644">
    <groups>
    </groups>
    <test started-at="2024-03-25T15:08:09 IST" name="Test" finished-at="2024-03-25T15:10:00 IST" duration-ms="111644">
      <class name="testPackage.PublishCases">
        <test-method is-config="true" signature="setup()[pri:0, instance:testPackage.PublishCases@797cf65c]" started-at="2024-03-25T15:08:09 IST" name="setup" finished-at="2024-03-25T15:08:10 IST" duration-ms="1070" status="PASS">
          <reporter-output>
          </reporter-output>
        </test-method> <!-- setup -->
        <test-method signature="VerifyCyclicAlertLanguage(java.lang.String,java.lang.String,java.lang.String,java.lang.String,java.lang.String,java.lang.String,java.lang.String)[pri:0, instance:testPackage.PublishCases@797cf65c]" started-at="2024-03-25T15:08:10 IST" name="VerifyCyclicAlertLanguage" finished-at="2024-03-25T15:10:00 IST" duration-ms="110028" status="PASS">
          <params>
            <param index="0">
              <value>
                <![CDATA[Chinese]]>
              </value>
            </param>
            <param index="1">
              <value>
                <![CDATA[TESTALERTHEADLINECyclical]]>
              </value>
            </param>
            <param index="2">
              <value>
                <![CDATA[TEST]]>
              </value>
            </param>
            <param index="3">
              <value>
                <![CDATA[TEST]]>
              </value>
            </param>
            <param index="4">
              <value>
                <![CDATA[TESTME]]>
              </value>
            </param>
            <param index="5">
              <value>
                <![CDATA[TEST.V]]>
              </value>
            </param>
            <param index="6">
              <value>
                <![CDATA[TEST]]>
              </value>
            </param>
          </params>
          <reporter-output>
          </reporter-output>
        </test-method> <!-- VerifyCyclicAlertLanguage -->
        <test-method is-config="true" signature="flushReportData()[pri:0, instance:testPackage.PublishCases@797cf65c]" started-at="2024-03-25T15:10:00 IST" name="flushReportData" finished-at="2024-03-25T15:10:00 IST" duration-ms="457" status="PASS">
          <reporter-output>
          </reporter-output>
        </test-method> <!-- flushReportData -->
      </class> <!-- testPackage.PublishCases -->
    </test> <!-- Test -->
  </suite> <!-- Suite -->
</testng-results>
