<?xml version="1.0" encoding="UTF-8"?>
<testng-results ignored="3" total="4" passed="1" failed="0" skipped="0">
  <reporter-output>
  </reporter-output>
  <suite started-at="2024-01-10T15:26:29 IST" name="Suite" finished-at="2024-01-10T15:27:15 IST" duration-ms="46691">
    <groups>
    </groups>
    <test started-at="2024-01-10T15:26:29 IST" name="Test" finished-at="2024-01-10T15:27:15 IST" duration-ms="46691">
      <class name="testPackage.AssetCases">
        <test-method is-config="true" signature="setup()[pri:0, instance:testPackage.AssetCases@4eeea57d]" started-at="2024-01-10T15:26:29 IST" name="setup" finished-at="2024-01-10T15:26:29 IST" duration-ms="0" status="PASS">
          <reporter-output>
          </reporter-output>
        </test-method> <!-- setup -->
        <test-method signature="VerifyAssetCopy(java.lang.String,java.lang.String,java.lang.String,java.lang.String,java.lang.String,java.lang.String,java.lang.String,java.lang.String,java.lang.String,java.lang.String,java.lang.String)[pri:0, instance:testPackage.AssetCases@4eeea57d]" started-at="2024-01-10T15:26:29 IST" name="VerifyAssetCopy" finished-at="2024-01-10T15:27:15 IST" duration-ms="46618" status="PASS">
          <params>
            <param index="0">
              <value>
                <![CDATA[Econ]]>
              </value>
            </param>
            <param index="1">
              <value>
                <![CDATA[64424509451]]>
              </value>
            </param>
            <param index="2">
              <value>
                <![CDATA[7]]>
              </value>
            </param>
            <param index="3">
              <value>
                <![CDATA[5]]>
              </value>
            </param>
            <param index="4">
              <value>
                <![CDATA[NA]]>
              </value>
            </param>
            <param index="5">
              <value>
                <![CDATA[NA]]>
              </value>
            </param>
            <param index="6">
              <value>
                <![CDATA[NA]]>
              </value>
            </param>
            <param index="7">
              <value>
                <![CDATA[NA]]>
              </value>
            </param>
            <param index="8">
              <value>
                <![CDATA[NA]]>
              </value>
            </param>
            <param index="9">
              <value>
                <![CDATA[NA]]>
              </value>
            </param>
            <param index="10">
              <value>
                <![CDATA[Check]]>
              </value>
            </param>
          </params>
          <reporter-output>
          </reporter-output>
        </test-method> <!-- VerifyAssetCopy -->
        <test-method is-config="true" signature="flushReportData()[pri:0, instance:testPackage.AssetCases@4eeea57d]" started-at="2024-01-10T15:27:15 IST" name="flushReportData" finished-at="2024-01-10T15:27:15 IST" duration-ms="70" status="PASS">
          <reporter-output>
          </reporter-output>
        </test-method> <!-- flushReportData -->
      </class> <!-- testPackage.AssetCases -->
    </test> <!-- Test -->
  </suite> <!-- Suite -->
</testng-results>
