# JRE version: OpenJDK Runtime Environment Corretto-18.0.2.9.1 (18.0.2+9) (build 18.0.2+9-FR)
# Java VM: OpenJDK 64-Bit Server VM Corretto-18.0.2.9.1 (18.0.2+9-FR, mixed mode, sharing, tiered, compressed oops, compressed class ptrs, g1 gc, windows-amd64)
GC Precious Log:
 CardTable entry size: 512
 Card Set container configuration: InlinePtr #cards 4 size 8 Array Of Cards #cards 16 size 48 Howl #buckets 8 coarsen threshold 3686 Howl Bitmap #cards 512 size 80 coarsen threshold 460 Card regions per heap region 1 cards per card region 4096
 CPUs: 4 total, 4 available
 Memory: 16383M
 Large Page Support: Disabled
 NUMA Support: Disabled
 Compressed Oops: Enabled (Zero based)
 Heap Region Size: 2M
 Heap Min Capacity: 8M
 Heap Initial Capacity: 256M
 Heap Max Capacity: 4G
 Pre-touch: Disabled
 Parallel Workers: 4
 Concurrent Workers: 1
 Concurrent Refinement Workers: 4
 Periodic GC: Disabled
Heap:
 garbage-first heap   total 208896K, used 72551K [0x0000000700000000, 0x0000000800000000)
  region size 2048K, 6 young (12288K), 1 survivors (2048K)
 Metaspace       used 29313K, committed 29696K, reserved 1114112K
  class space    used 3308K, committed 3456K, reserved 1048576K
GC Heap History (20 events):
Event: 466.059 GC heap before
{Heap before GC invocations=167 (full 0):
 garbage-first heap   total 208896K, used 107467K [0x0000000700000000, 0x0000000800000000)
  region size 2048K, 9 young (18432K), 1 survivors (2048K)
 Metaspace       used 29141K, committed 29504K, reserved 1114112K
  class space    used 3299K, committed 3456K, reserved 1048576K
}
Event: 466.063 GC heap after
{Heap after GC invocations=168 (full 0):
 garbage-first heap   total 208896K, used 37963K [0x0000000700000000, 0x0000000800000000)
  region size 2048K, 1 young (2048K), 1 survivors (2048K)
 Metaspace       used 29141K, committed 29504K, reserved 1114112K
  class space    used 3299K, committed 3456K, reserved 1048576K
}
Event: 467.442 GC heap before
{Heap before GC invocations=168 (full 0):
 garbage-first heap   total 208896K, used 93259K [0x0000000700000000, 0x0000000800000000)
  region size 2048K, 2 young (4096K), 1 survivors (2048K)
 Metaspace       used 29141K, committed 29504K, reserved 1114112K
  class space    used 3299K, committed 3456K, reserved 1048576K
}
Event: 467.445 GC heap after
{Heap after GC invocations=169 (full 0):
 garbage-first heap   total 208896K, used 37770K [0x0000000700000000, 0x0000000800000000)
  region size 2048K, 1 young (2048K), 1 survivors (2048K)
 Metaspace       used 29141K, committed 29504K, reserved 1114112K
  class space    used 3299K, committed 3456K, reserved 1048576K
}
Event: 469.081 GC heap before
{Heap before GC invocations=169 (full 0):
 garbage-first heap   total 208896K, used 93066K [0x0000000700000000, 0x0000000800000000)
  region size 2048K, 2 young (4096K), 1 survivors (2048K)
 Metaspace       used 29141K, committed 29504K, reserved 1114112K
  class space    used 3299K, committed 3456K, reserved 1048576K
}
Event: 469.083 GC heap after
{Heap after GC invocations=170 (full 0):
 garbage-first heap   total 208896K, used 37784K [0x0000000700000000, 0x0000000800000000)
  region size 2048K, 1 young (2048K), 1 survivors (2048K)
 Metaspace       used 29141K, committed 29504K, reserved 1114112K
  class space    used 3299K, committed 3456K, reserved 1048576K
}
Event: 470.456 GC heap before
{Heap before GC invocations=170 (full 0):
 garbage-first heap   total 208896K, used 93080K [0x0000000700000000, 0x0000000800000000)
  region size 2048K, 2 young (4096K), 1 survivors (2048K)
 Metaspace       used 29141K, committed 29504K, reserved 1114112K
  class space    used 3299K, committed 3456K, reserved 1048576K
}
Event: 470.460 GC heap after
{Heap after GC invocations=171 (full 0):
 garbage-first heap   total 208896K, used 37763K [0x0000000700000000, 0x0000000800000000)
  region size 2048K, 1 young (2048K), 1 survivors (2048K)
 Metaspace       used 29141K, committed 29504K, reserved 1114112K
  class space    used 3299K, committed 3456K, reserved 1048576K
}
Event: 472.095 GC heap before
{Heap before GC invocations=171 (full 0):
 garbage-first heap   total 208896K, used 93059K [0x0000000700000000, 0x0000000800000000)
  region size 2048K, 2 young (4096K), 1 survivors (2048K)
 Metaspace       used 29141K, committed 29504K, reserved 1114112K
  class space    used 3299K, committed 3456K, reserved 1048576K
}
Event: 472.098 GC heap after
{Heap after GC invocations=172 (full 0):
 garbage-first heap   total 208896K, used 37814K [0x0000000700000000, 0x0000000800000000)
  region size 2048K, 1 young (2048K), 1 survivors (2048K)
 Metaspace       used 29141K, committed 29504K, reserved 1114112K
  class space    used 3299K, committed 3456K, reserved 1048576K
}
Event: 473.483 GC heap before
{Heap before GC invocations=172 (full 0):
 garbage-first heap   total 208896K, used 93110K [0x0000000700000000, 0x0000000800000000)
  region size 2048K, 2 young (4096K), 1 survivors (2048K)
 Metaspace       used 29141K, committed 29504K, reserved 1114112K
  class space    used 3299K, committed 3456K, reserved 1048576K
}
Event: 473.486 GC heap after
{Heap after GC invocations=173 (full 0):
 garbage-first heap   total 208896K, used 37768K [0x0000000700000000, 0x0000000800000000)
  region size 2048K, 1 young (2048K), 1 survivors (2048K)
 Metaspace       used 29141K, committed 29504K, reserved 1114112K
  class space    used 3299K, committed 3456K, reserved 1048576K
}
Event: 475.127 GC heap before
{Heap before GC invocations=173 (full 0):
 garbage-first heap   total 208896K, used 93064K [0x0000000700000000, 0x0000000800000000)
  region size 2048K, 2 young (4096K), 1 survivors (2048K)
 Metaspace       used 29141K, committed 29504K, reserved 1114112K
  class space    used 3299K, committed 3456K, reserved 1048576K
}
Event: 475.129 GC heap after
{Heap after GC invocations=174 (full 0):
 garbage-first heap   total 208896K, used 37807K [0x0000000700000000, 0x0000000800000000)
  region size 2048K, 1 young (2048K), 1 survivors (2048K)
 Metaspace       used 29141K, committed 29504K, reserved 1114112K
  class space    used 3299K, committed 3456K, reserved 1048576K
}
Event: 476.505 GC heap before
{Heap before GC invocations=174 (full 0):
 garbage-first heap   total 208896K, used 93103K [0x0000000700000000, 0x0000000800000000)
  region size 2048K, 2 young (4096K), 1 survivors (2048K)
 Metaspace       used 29141K, committed 29504K, reserved 1114112K
  class space    used 3299K, committed 3456K, reserved 1048576K
}
Event: 476.507 GC heap after
{Heap after GC invocations=175 (full 0):
 garbage-first heap   total 208896K, used 37730K [0x0000000700000000, 0x0000000800000000)
  region size 2048K, 1 young (2048K), 1 survivors (2048K)
 Metaspace       used 29141K, committed 29504K, reserved 1114112K
  class space    used 3299K, committed 3456K, reserved 1048576K
}
Event: 478.569 GC heap before
{Heap before GC invocations=175 (full 0):
 garbage-first heap   total 208896K, used 97122K [0x0000000700000000, 0x0000000800000000)
  region size 2048K, 4 young (8192K), 1 survivors (2048K)
 Metaspace       used 29148K, committed 29504K, reserved 1114112K
  class space    used 3299K, committed 3456K, reserved 1048576K
}
Event: 478.572 GC heap after
{Heap after GC invocations=176 (full 0):
 garbage-first heap   total 208896K, used 37897K [0x0000000700000000, 0x0000000800000000)
  region size 2048K, 1 young (2048K), 1 survivors (2048K)
 Metaspace       used 29148K, committed 29504K, reserved 1114112K
  class space    used 3299K, committed 3456K, reserved 1048576K
}
Event: 480.510 GC heap before
{Heap before GC invocations=176 (full 0):
 garbage-first heap   total 208896K, used 93193K [0x0000000700000000, 0x0000000800000000)
  region size 2048K, 2 young (4096K), 1 survivors (2048K)
 Metaspace       used 29154K, committed 29504K, reserved 1114112K
  class space    used 3300K, committed 3456K, reserved 1048576K
}
Event: 480.511 GC heap after
{Heap after GC invocations=177 (full 0):
 garbage-first heap   total 208896K, used 37735K [0x0000000700000000, 0x0000000800000000)
  region size 2048K, 1 young (2048K), 1 survivors (2048K)
 Metaspace       used 29154K, committed 29504K, reserved 1114112K
  class space    used 3300K, committed 3456K, reserved 1048576K
}

