<?xml version="1.0" encoding="UTF-8"?>
<!-- Generated by org.testng.reporters.JUnitXMLReporter -->
<testsuite ignored="3" hostname="USE2DEVP5773" failures="0" tests="1" name="Test" time="46.691" errors="0" timestamp="2024-01-10T15:27:15 IST">
  <testcase classname="testPackage.AssetCases" name="VerifyAssetCopy" time="46.618"/>
  <testcase classname="testPackage.AssetCases" name="VerifyAssetField" time="0.0">
    <ignored/>
  </testcase> <!-- VerifyAssetField -->
  <testcase classname="testPackage.AssetCases" name="VerifyAssetUpdate" time="0.0">
    <ignored/>
  </testcase> <!-- VerifyAssetUpdate -->
  <testcase classname="testPackage.AssetCases" name="VerifyAssetSave" time="0.0">
    <ignored/>
  </testcase> <!-- VerifyAssetSave -->
</testsuite> <!-- Test -->
