<?xml version="1.0" encoding="UTF-8"?>
<!-- Generated by org.testng.reporters.JUnitXMLReporter -->
<testsuite ignored="5" hostname="USE2DEVP5773" failures="0" tests="1" name="Test" time="111.644" errors="0" timestamp="2024-03-25T15:10:00 IST">
  <testcase classname="testPackage.PublishCases" name="VerifyCyclicAlertLanguage" time="110.028"/>
  <testcase classname="testPackage.PublishCases" name="VerifyBundlePublish" time="0.0">
    <ignored/>
  </testcase> <!-- VerifyBundlePublish -->
  <testcase classname="testPackage.PublishCases" name="VerifyPublishNegativeScenarios" time="0.0">
    <ignored/>
  </testcase> <!-- VerifyPublishNegativeScenarios -->
  <testcase classname="testPackage.PublishCases" name="VerifyBundleDelete" time="0.0">
    <ignored/>
  </testcase> <!-- VerifyBundleDelete -->
  <testcase classname="testPackage.PublishCases" name="VerifyDelete" time="0.0">
    <ignored/>
  </testcase> <!-- VerifyDelete -->
  <testcase classname="testPackage.PublishCases" name="VerifyPublishScenarios" time="0.0">
    <ignored/>
  </testcase> <!-- VerifyPublishScenarios -->
</testsuite> <!-- Test -->
