<?xml version="1.0" encoding="UTF-8"?>
<!-- Generated by org.testng.reporters.JUnitXMLReporter -->
<testsuite ignored="1" hostname="USE2DEVP5773" failures="0" tests="0" time="0.026" errors="0" timestamp="2022-08-29T19:21:23 IST">
  <testcase classname="testPackage.Metadata_Validation" name="@AfterTest flushReportData" time="0.011">
    <failure type="java.lang.NullPointerException" message="Cannot invoke &amp;quot;com.aventstack.extentreports.ExtentReports.flush()&amp;quot; because &amp;quot;testPackage.Metadata_Validation.extent&amp;quot; is null">
      <![CDATA[java.lang.NullPointerException: Cannot invoke "com.aventstack.extentreports.ExtentReports.flush()" because "testPackage.Metadata_Validation.extent" is null
at testPackage.Metadata_Validation.flushReportData(Metadata_Validation.java:20)
at testPackage.MainRunner.TestNgXmlSuite(MainRunner.java:49)
at testPackage.MainRunner.main(MainRunner.java:77)
... Removed 21 stack frames]]>
    </failure>
  </testcase> <!-- @AfterTest flushReportData -->
  <testcase classname="testPackage.Metadata_Validation" name="ValidateMetadata" time="0.0">
    <ignored/>
  </testcase> <!-- ValidateMetadata -->
</testsuite>
